<?xml version="1.0" encoding="UTF-8"?>
<testng-results skipped="0" failed="0" total="1" passed="1">
  <reporter-output>
  </reporter-output>
  <suite name="Default suite" duration-ms="16624" started-at="2020-10-14T09:43:11Z" finished-at="2020-10-14T09:43:27Z">
    <groups>
    </groups>
    <test name="Default test" duration-ms="16624" started-at="2020-10-14T09:43:11Z" finished-at="2020-10-14T09:43:27Z">
      <class name="testingExamples.CapScreenShot">
        <test-method status="PASS" signature="setUP()" name="setUP" is-config="true" duration-ms="5615" started-at="2020-10-14T09:43:11Z" finished-at="2020-10-14T09:43:16Z">
        </test-method>
        <test-method status="PASS" signature="screenshot()" name="screenshot" duration-ms="10232" started-at="2020-10-14T09:43:16Z" finished-at="2020-10-14T09:43:27Z">
        </test-method>
        <test-method status="PASS" signature="teardown()" name="teardown" is-config="true" duration-ms="759" started-at="2020-10-14T09:43:27Z" finished-at="2020-10-14T09:43:27Z">
        </test-method>
      </class>
    </test>
  </suite>
</testng-results>
